=== Data ===
  Train: 221 rows, 93 features
  Test : 95 rows  |  Events: 69

=== Adaptive Survival Model Search ===

============================================================
Model: GBSA
============================================================
  [A 01] h=0.9676+-0.0204 C=0.9470 WB=0.0236 rs=0.9615
  [A 02] h=0.9576+-0.0143 C=0.9550 WB=0.0413 rs=0.9533
  [A 03] h=0.9689+-0.0196 C=0.9500 WB=0.0230 rs=0.9630
  [A 04] h=0.9637+-0.0172 C=0.9479 WB=0.0295 rs=0.9586
  [A 05] h=0.9695+-0.0176 C=0.9501 WB=0.0222 rs=0.9642
  [A 06] h=0.9684+-0.0187 C=0.9457 WB=0.0218 rs=0.9628
  [A 07] h=0.9683+-0.0184 C=0.9505 WB=0.0241 rs=0.9627
  [A 08] h=0.9686+-0.0183 C=0.9482 WB=0.0227 rs=0.9631
  [A 09] h=0.9686+-0.0178 C=0.9499 WB=0.0234 rs=0.9633
  [A 10] h=0.9660+-0.0174 C=0.9499 WB=0.0270 rs=0.9608
  [A 11] h=0.9660+-0.0192 C=0.9461 WB=0.0255 rs=0.9602
  [A 12] h=0.9625+-0.0159 C=0.9478 WB=0.0312 rs=0.9577
  [A 13] h=0.9660+-0.0214 C=0.9437 WB=0.0244 rs=0.9596
  [A 14] h=0.9560+-0.0152 C=0.9487 WB=0.0408 rs=0.9515
  [A 15] h=0.9687+-0.0198 C=0.9471 WB=0.0221 rs=0.9627
  [A 16] h=0.9648+-0.0224 C=0.9401 WB=0.0245 rs=0.9581
  [A 17] h=0.9664+-0.0197 C=0.9462 WB=0.0249 rs=0.9605
  [A 18] h=0.9676+-0.0192 C=0.9501 WB=0.0250 rs=0.9618
  [A 19] h=0.9554+-0.0146 C=0.9504 WB=0.0425 rs=0.9510
  [A 20] h=0.9678+-0.0186 C=0.9460 WB=0.0228 rs=0.9622

  Stage-B (4 configs)...
  [B 01] h=0.9701+-0.0085 C=0.9507 WB=0.0216 rs=0.9675
  [B 02] h=0.9724+-0.0097 C=0.9520 WB=0.0188 rs=0.9695
  [B 03] h=0.9708+-0.0084 C=0.9516 WB=0.0210 rs=0.9683
  [B 04] h=0.9712+-0.0079 C=0.9503 WB=0.0198 rs=0.9688

============================================================
Model: RSF
============================================================
  [A 01] h=0.9707+-0.0147 C=0.9522 WB=0.0213 rs=0.9664
  [A 02] h=0.9701+-0.0164 C=0.9523 WB=0.0222 rs=0.9652
  [A 03] h=0.9705+-0.0147 C=0.9519 WB=0.0215 rs=0.9661
  [A 04] h=0.9705+-0.0148 C=0.9497 WB=0.0206 rs=0.9660
  [A 05] h=0.9701+-0.0163 C=0.9526 WB=0.0224 rs=0.9652
  [A 06] h=0.9701+-0.0148 C=0.9498 WB=0.0213 rs=0.9656
  [A 07] h=0.9705+-0.0159 C=0.9539 WB=0.0224 rs=0.9657
  [A 08] h=0.9702+-0.0152 C=0.9506 WB=0.0214 rs=0.9656
  [A 09] h=0.9699+-0.0151 C=0.9489 WB=0.0211 rs=0.9654
  [A 10] h=0.9706+-0.0159 C=0.9539 WB=0.0223 rs=0.9658
  [A 11] h=0.9703+-0.0151 C=0.9506 WB=0.0213 rs=0.9657
  [A 12] h=0.9708+-0.0152 C=0.9518 WB=0.0211 rs=0.9663
  [A 13] h=0.9708+-0.0152 C=0.9544 WB=0.0222 rs=0.9662
  [A 14] h=0.9709+-0.0150 C=0.9527 WB=0.0213 rs=0.9664
  [A 15] h=0.9704+-0.0151 C=0.9501 WB=0.0209 rs=0.9659

  Stage-B (3 configs)...
  [B 01] h=0.9684+-0.0113 C=0.9478 WB=0.0227 rs=0.9650
  [B 02] h=0.9684+-0.0114 C=0.9478 WB=0.0227 rs=0.9650
  [B 03] h=0.9684+-0.0109 C=0.9475 WB=0.0227 rs=0.9651

============================================================
Model: ExtraTrees
============================================================
  [A 01] h=0.9698+-0.0165 C=0.9530 WB=0.0230 rs=0.9648
  [A 02] h=0.9696+-0.0161 C=0.9501 WB=0.0220 rs=0.9648
  [A 03] h=0.9686+-0.0167 C=0.9479 WB=0.0225 rs=0.9636
  [A 04] h=0.9697+-0.0161 C=0.9526 WB=0.0230 rs=0.9648
  [A 05] h=0.9688+-0.0159 C=0.9472 WB=0.0220 rs=0.9640
  [A 06] h=0.9682+-0.0168 C=0.9466 WB=0.0225 rs=0.9632
  [A 07] h=0.9697+-0.0156 C=0.9501 WB=0.0220 rs=0.9650
  [A 08] h=0.9689+-0.0155 C=0.9477 WB=0.0220 rs=0.9642
  [A 09] h=0.9692+-0.0160 C=0.9485 WB=0.0220 rs=0.9644
  [A 10] h=0.9694+-0.0172 C=0.9512 WB=0.0227 rs=0.9643

  Stage-B (2 configs)...
  [B 01] h=0.9672+-0.0111 C=0.9462 WB=0.0238 rs=0.9639
  [B 02] h=0.9687+-0.0110 C=0.9482 WB=0.0225 rs=0.9654

Selected:
  GBSA: h=0.9724  rs=0.9695  {'n_estimators': 500, 'learning_rate': 0.08, 'max_depth': 2, 'subsample': 0.6, 'min_samples_leaf': 20}
  ExtraTrees: h=0.9687  rs=0.9654  {'n_estimators': 300, 'max_depth': 10, 'min_samples_leaf': 5, 'max_features': 0.7}
  RSF: h=0.9684  rs=0.9651  {'n_estimators': 500, 'max_depth': 7, 'min_samples_leaf': 3, 'max_features': 0.25}

=== IPCW-LGB Hyperparameter Search ===
  [IPCW 01/25] h=0.9659 C=0.9254 WB=0.0167
    *** New best: {'n_estimators': 500, 'learning_rate': 0.1, 'max_depth': 4, 'num_leaves': 15, 'min_child_samples': 50, 'subsample': 0.7, 'colsample_bytree': 0.7, 'reg_lambda': 1.0}
  [IPCW 02/25] h=0.9612 C=0.9300 WB=0.0254
  [IPCW 03/25] h=0.9686 C=0.9413 WB=0.0197
    *** New best: {'n_estimators': 200, 'learning_rate': 0.05, 'max_depth': 3, 'num_leaves': 8, 'min_child_samples': 30, 'subsample': 1.0, 'colsample_bytree': 0.9, 'reg_lambda': 1.0}
  [IPCW 04/25] h=0.9635 C=0.9358 WB=0.0246
  [IPCW 05/25] h=0.9612 C=0.9300 WB=0.0254
  [IPCW 06/25] h=0.9653 C=0.9272 WB=0.0183
  [IPCW 07/25] h=0.9683 C=0.9433 WB=0.0210
  [IPCW 08/25] h=0.9670 C=0.9377 WB=0.0204
  [IPCW 09/25] h=0.9609 C=0.9291 WB=0.0254
  [IPCW 10/25] h=0.9610 C=0.9298 WB=0.0256
  [IPCW 11/25] h=0.9567 C=0.9165 WB=0.0260
  [IPCW 12/25] h=0.9674 C=0.9397 WB=0.0207
  [IPCW 13/25] h=0.9632 C=0.9346 WB=0.0245
  [IPCW 14/25] h=0.9553 C=0.9152 WB=0.0276
  [IPCW 15/25] h=0.9674 C=0.9379 WB=0.0200
  [IPCW 16/25] h=0.9604 C=0.9277 WB=0.0255
  [IPCW 17/25] h=0.9675 C=0.9402 WB=0.0208
  [IPCW 18/25] h=0.9609 C=0.9266 WB=0.0244
  [IPCW 19/25] h=0.9664 C=0.9368 WB=0.0209
  [IPCW 20/25] h=0.9658 C=0.9413 WB=0.0237
  [IPCW 21/25] h=0.9657 C=0.9342 WB=0.0208
  [IPCW 22/25] h=0.9680 C=0.9464 WB=0.0227
  [IPCW 23/25] h=0.9623 C=0.9312 WB=0.0244
  [IPCW 24/25] h=0.9624 C=0.9312 WB=0.0243
  [IPCW 25/25] h=0.9665 C=0.9385 WB=0.0215

  Best IPCW h=0.9686  params={'n_estimators': 200, 'learning_rate': 0.05, 'max_depth': 3, 'num_leaves': 8, 'min_child_samples': 30, 'subsample': 1.0, 'colsample_bytree': 0.9, 'reg_lambda': 1.0}

=== Build Multi-Seed OOF ===
  GBSA...
    h=0.9692 C=0.9504 WB=0.0227
  ExtraTrees...
    h=0.9695 C=0.9525 WB=0.0233
  RSF...
    h=0.9709 C=0.9527 WB=0.0212
  IPCW-LGB...
    h=0.9686 C=0.9411 WB=0.0196

=== Blend Optimisation ===
Blend weights:
  GBSA: 0.0026
  ExtraTrees: 0.0150
  RSF: 0.0033
  IPCW-LGB: 0.9791
Blend CV: h=0.9732+-0.0139  C=0.9564  WB=0.0196

=== Calibration Selection ===
Scores: {'none': 0.9732, 'clipped': 0.9732, 'isotonic': 0.9704, 'platt': 0.9688}
Chosen: none

=== Final Test Predictions ===

Submission stats:
  prob_12h: min=0.0010  mean=0.1755  max=0.9750
  prob_24h: min=0.0014  mean=0.2792  max=0.9962
  prob_48h: min=0.0018  mean=0.2970  max=0.9974
  prob_72h: min=0.0018  mean=0.2974  max=0.9977
  monotonic_ok=True

Total runtime: 3.5 minutes

============================================================
FINAL CV HYBRID SCORE: 0.9732 +- 0.0139
  C-index: 0.9564    Weighted Brier: 0.0196
============================================================
